[springModel][INFO] [2021-10-22 14:38:43] org.springframework.test.context.support.AbstractTestContextBootstrapper.getDefaultTestExecutionListenerClassNames(248) | Loaded default TestExecutionListener class names from location [META-INF/spring.factories]: [org.springframework.test.context.web.ServletTestExecutionListener, org.springframework.test.context.support.DirtiesContextBeforeModesTestExecutionListener, org.springframework.test.context.support.DependencyInjectionTestExecutionListener, org.springframework.test.context.support.DirtiesContextTestExecutionListener, org.springframework.test.context.transaction.TransactionalTestExecutionListener, org.springframework.test.context.jdbc.SqlScriptsTestExecutionListener, org.springframework.test.context.event.EventPublishingTestExecutionListener]
[springModel][INFO] [2021-10-22 14:38:43] org.springframework.test.context.support.AbstractTestContextBootstrapper.getTestExecutionListeners(177) | Using TestExecutionListeners: [org.springframework.test.context.web.ServletTestExecutionListener@d44fc21, org.springframework.test.context.support.DirtiesContextBeforeModesTestExecutionListener@23faf8f2, org.springframework.test.context.support.DependencyInjectionTestExecutionListener@2d6eabae, org.springframework.test.context.support.DirtiesContextTestExecutionListener@4e7dc304, org.springframework.test.context.transaction.TransactionalTestExecutionListener@64729b1e, org.springframework.test.context.jdbc.SqlScriptsTestExecutionListener@10bbd20a, org.springframework.test.context.event.EventPublishingTestExecutionListener@48503868]
[springModel][INFO] [2021-10-22 14:38:44] com.alibaba.druid.pool.DruidDataSource.init(985) | {dataSource-1} inited
[springModel][INFO] [2021-10-22 14:38:45] com.alibaba.druid.pool.DruidDataSource.close(2032) | {dataSource-1} closing ...
[springModel][INFO] [2021-10-22 14:38:45] com.alibaba.druid.pool.DruidDataSource.close(2104) | {dataSource-1} closed
[springModel][INFO] [2021-10-22 14:39:59] org.springframework.test.context.support.AbstractTestContextBootstrapper.getDefaultTestExecutionListenerClassNames(248) | Loaded default TestExecutionListener class names from location [META-INF/spring.factories]: [org.springframework.test.context.web.ServletTestExecutionListener, org.springframework.test.context.support.DirtiesContextBeforeModesTestExecutionListener, org.springframework.test.context.support.DependencyInjectionTestExecutionListener, org.springframework.test.context.support.DirtiesContextTestExecutionListener, org.springframework.test.context.transaction.TransactionalTestExecutionListener, org.springframework.test.context.jdbc.SqlScriptsTestExecutionListener, org.springframework.test.context.event.EventPublishingTestExecutionListener]
[springModel][INFO] [2021-10-22 14:39:59] org.springframework.test.context.support.AbstractTestContextBootstrapper.getTestExecutionListeners(177) | Using TestExecutionListeners: [org.springframework.test.context.web.ServletTestExecutionListener@d44fc21, org.springframework.test.context.support.DirtiesContextBeforeModesTestExecutionListener@23faf8f2, org.springframework.test.context.support.DependencyInjectionTestExecutionListener@2d6eabae, org.springframework.test.context.support.DirtiesContextTestExecutionListener@4e7dc304, org.springframework.test.context.transaction.TransactionalTestExecutionListener@64729b1e, org.springframework.test.context.jdbc.SqlScriptsTestExecutionListener@10bbd20a, org.springframework.test.context.event.EventPublishingTestExecutionListener@48503868]
[springModel][INFO] [2021-10-22 14:40:00] com.ding.crowd.CrowdTest.testLog(45) | info
[springModel][INFO] [2021-10-22 14:40:00] com.ding.crowd.CrowdTest.testLog(46) | info
[springModel][INFO] [2021-10-22 14:40:00] com.ding.crowd.CrowdTest.testLog(47) | info
[springModel][WARN] [2021-10-22 14:40:00] com.ding.crowd.CrowdTest.testLog(49) | warning
[springModel][WARN] [2021-10-22 14:40:00] com.ding.crowd.CrowdTest.testLog(50) | warning
[springModel][WARN] [2021-10-22 14:40:00] com.ding.crowd.CrowdTest.testLog(51) | warning
[springModel][ERROR] [2021-10-22 14:40:00] com.ding.crowd.CrowdTest.testLog(53) | error
[springModel][ERROR] [2021-10-22 14:40:00] com.ding.crowd.CrowdTest.testLog(54) | error
[springModel][ERROR] [2021-10-22 14:40:00] com.ding.crowd.CrowdTest.testLog(55) | error
[springModel][INFO] [2021-10-22 14:40:00] com.alibaba.druid.pool.DruidDataSource.close(2032) | {dataSource-0} closing ...
[springModel][INFO] [2021-10-22 14:40:21] org.springframework.test.context.support.AbstractTestContextBootstrapper.getDefaultTestExecutionListenerClassNames(248) | Loaded default TestExecutionListener class names from location [META-INF/spring.factories]: [org.springframework.test.context.web.ServletTestExecutionListener, org.springframework.test.context.support.DirtiesContextBeforeModesTestExecutionListener, org.springframework.test.context.support.DependencyInjectionTestExecutionListener, org.springframework.test.context.support.DirtiesContextTestExecutionListener, org.springframework.test.context.transaction.TransactionalTestExecutionListener, org.springframework.test.context.jdbc.SqlScriptsTestExecutionListener, org.springframework.test.context.event.EventPublishingTestExecutionListener]
[springModel][INFO] [2021-10-22 14:40:21] org.springframework.test.context.support.AbstractTestContextBootstrapper.getTestExecutionListeners(177) | Using TestExecutionListeners: [org.springframework.test.context.web.ServletTestExecutionListener@d44fc21, org.springframework.test.context.support.DirtiesContextBeforeModesTestExecutionListener@23faf8f2, org.springframework.test.context.support.DependencyInjectionTestExecutionListener@2d6eabae, org.springframework.test.context.support.DirtiesContextTestExecutionListener@4e7dc304, org.springframework.test.context.transaction.TransactionalTestExecutionListener@64729b1e, org.springframework.test.context.jdbc.SqlScriptsTestExecutionListener@10bbd20a, org.springframework.test.context.event.EventPublishingTestExecutionListener@48503868]
[springModel][INFO] [2021-10-22 14:40:22] com.alibaba.druid.pool.DruidDataSource.init(985) | {dataSource-1} inited
[springModel][INFO] [2021-10-22 14:40:22] com.alibaba.druid.pool.DruidDataSource.close(2032) | {dataSource-1} closing ...
[springModel][INFO] [2021-10-22 14:40:22] com.alibaba.druid.pool.DruidDataSource.close(2104) | {dataSource-1} closed
[springModel][INFO] [2021-10-22 14:42:05] org.springframework.test.context.support.AbstractTestContextBootstrapper.getDefaultTestExecutionListenerClassNames(248) | Loaded default TestExecutionListener class names from location [META-INF/spring.factories]: [org.springframework.test.context.web.ServletTestExecutionListener, org.springframework.test.context.support.DirtiesContextBeforeModesTestExecutionListener, org.springframework.test.context.support.DependencyInjectionTestExecutionListener, org.springframework.test.context.support.DirtiesContextTestExecutionListener, org.springframework.test.context.transaction.TransactionalTestExecutionListener, org.springframework.test.context.jdbc.SqlScriptsTestExecutionListener, org.springframework.test.context.event.EventPublishingTestExecutionListener]
[springModel][INFO] [2021-10-22 14:42:05] org.springframework.test.context.support.AbstractTestContextBootstrapper.getTestExecutionListeners(177) | Using TestExecutionListeners: [org.springframework.test.context.web.ServletTestExecutionListener@d44fc21, org.springframework.test.context.support.DirtiesContextBeforeModesTestExecutionListener@23faf8f2, org.springframework.test.context.support.DependencyInjectionTestExecutionListener@2d6eabae, org.springframework.test.context.support.DirtiesContextTestExecutionListener@4e7dc304, org.springframework.test.context.transaction.TransactionalTestExecutionListener@64729b1e, org.springframework.test.context.jdbc.SqlScriptsTestExecutionListener@10bbd20a, org.springframework.test.context.event.EventPublishingTestExecutionListener@48503868]
[springModel][INFO] [2021-10-22 14:42:06] com.ding.crowd.CrowdTest.testLog(45) | info
[springModel][INFO] [2021-10-22 14:42:06] com.ding.crowd.CrowdTest.testLog(46) | info
[springModel][INFO] [2021-10-22 14:42:06] com.ding.crowd.CrowdTest.testLog(47) | info
[springModel][WARN] [2021-10-22 14:42:06] com.ding.crowd.CrowdTest.testLog(49) | warning
[springModel][WARN] [2021-10-22 14:42:06] com.ding.crowd.CrowdTest.testLog(50) | warning
[springModel][WARN] [2021-10-22 14:42:06] com.ding.crowd.CrowdTest.testLog(51) | warning
[springModel][ERROR] [2021-10-22 14:42:06] com.ding.crowd.CrowdTest.testLog(53) | error
[springModel][ERROR] [2021-10-22 14:42:06] com.ding.crowd.CrowdTest.testLog(54) | error
[springModel][ERROR] [2021-10-22 14:42:06] com.ding.crowd.CrowdTest.testLog(55) | error
[springModel][INFO] [2021-10-22 14:42:06] com.alibaba.druid.pool.DruidDataSource.close(2032) | {dataSource-0} closing ...
[springModel][INFO] [2021-10-22 15:45:28] org.springframework.test.context.support.AbstractTestContextBootstrapper.getDefaultTestExecutionListenerClassNames(248) | Loaded default TestExecutionListener class names from location [META-INF/spring.factories]: [org.springframework.test.context.web.ServletTestExecutionListener, org.springframework.test.context.support.DirtiesContextBeforeModesTestExecutionListener, org.springframework.test.context.support.DependencyInjectionTestExecutionListener, org.springframework.test.context.support.DirtiesContextTestExecutionListener, org.springframework.test.context.transaction.TransactionalTestExecutionListener, org.springframework.test.context.jdbc.SqlScriptsTestExecutionListener, org.springframework.test.context.event.EventPublishingTestExecutionListener]
[springModel][INFO] [2021-10-22 15:45:28] org.springframework.test.context.support.AbstractTestContextBootstrapper.getTestExecutionListeners(177) | Using TestExecutionListeners: [org.springframework.test.context.web.ServletTestExecutionListener@d44fc21, org.springframework.test.context.support.DirtiesContextBeforeModesTestExecutionListener@23faf8f2, org.springframework.test.context.support.DependencyInjectionTestExecutionListener@2d6eabae, org.springframework.test.context.support.DirtiesContextTestExecutionListener@4e7dc304, org.springframework.test.context.transaction.TransactionalTestExecutionListener@64729b1e, org.springframework.test.context.jdbc.SqlScriptsTestExecutionListener@10bbd20a, org.springframework.test.context.event.EventPublishingTestExecutionListener@48503868]
[springModel][INFO] [2021-10-22 15:45:30] com.ding.crowd.CrowdTest.testLog(45) | info
[springModel][INFO] [2021-10-22 15:45:30] com.ding.crowd.CrowdTest.testLog(46) | info
[springModel][INFO] [2021-10-22 15:45:30] com.ding.crowd.CrowdTest.testLog(47) | info
[springModel][WARN] [2021-10-22 15:45:30] com.ding.crowd.CrowdTest.testLog(49) | warning
[springModel][WARN] [2021-10-22 15:45:30] com.ding.crowd.CrowdTest.testLog(50) | warning
[springModel][WARN] [2021-10-22 15:45:30] com.ding.crowd.CrowdTest.testLog(51) | warning
[springModel][ERROR] [2021-10-22 15:45:30] com.ding.crowd.CrowdTest.testLog(53) | error
[springModel][ERROR] [2021-10-22 15:45:30] com.ding.crowd.CrowdTest.testLog(54) | error
[springModel][ERROR] [2021-10-22 15:45:30] com.ding.crowd.CrowdTest.testLog(55) | error
[springModel][INFO] [2021-10-22 15:45:30] com.alibaba.druid.pool.DruidDataSource.close(2032) | {dataSource-0} closing ...
[springModel][INFO] [2021-10-22 16:42:17] org.springframework.test.context.support.AbstractTestContextBootstrapper.getDefaultTestExecutionListenerClassNames(248) | Loaded default TestExecutionListener class names from location [META-INF/spring.factories]: [org.springframework.test.context.web.ServletTestExecutionListener, org.springframework.test.context.support.DirtiesContextBeforeModesTestExecutionListener, org.springframework.test.context.support.DependencyInjectionTestExecutionListener, org.springframework.test.context.support.DirtiesContextTestExecutionListener, org.springframework.test.context.transaction.TransactionalTestExecutionListener, org.springframework.test.context.jdbc.SqlScriptsTestExecutionListener, org.springframework.test.context.event.EventPublishingTestExecutionListener]
[springModel][INFO] [2021-10-22 16:42:17] org.springframework.test.context.support.AbstractTestContextBootstrapper.getTestExecutionListeners(177) | Using TestExecutionListeners: [org.springframework.test.context.web.ServletTestExecutionListener@23faf8f2, org.springframework.test.context.support.DirtiesContextBeforeModesTestExecutionListener@2d6eabae, org.springframework.test.context.support.DependencyInjectionTestExecutionListener@4e7dc304, org.springframework.test.context.support.DirtiesContextTestExecutionListener@64729b1e, org.springframework.test.context.transaction.TransactionalTestExecutionListener@10bbd20a, org.springframework.test.context.jdbc.SqlScriptsTestExecutionListener@48503868, org.springframework.test.context.event.EventPublishingTestExecutionListener@6895a785]
[springModel][ERROR] [2021-10-22 16:42:18] org.springframework.test.context.TestContextManager.prepareTestInstance(248) | Caught exception while allowing TestExecutionListener [org.springframework.test.context.support.DependencyInjectionTestExecutionListener@4e7dc304] to prepare test instance [com.ding.crowd.CrowdTest@268f106e]
org.springframework.beans.factory.UnsatisfiedDependencyException: Error creating bean with name 'com.ding.crowd.CrowdTest': Unsatisfied dependency expressed through field 'adminService'; nested exception is org.springframework.beans.factory.NoSuchBeanDefinitionException: No qualifying bean of type 'com.ding.crowd.service.api.AdminService' available: expected at least 1 bean which qualifies as autowire candidate. Dependency annotations: {@org.springframework.beans.factory.annotation.Autowired(required=true)}
	at org.springframework.beans.factory.annotation.AutowiredAnnotationBeanPostProcessor$AutowiredFieldElement.inject(AutowiredAnnotationBeanPostProcessor.java:643)
	at org.springframework.beans.factory.annotation.InjectionMetadata.inject(InjectionMetadata.java:119)
	at org.springframework.beans.factory.annotation.AutowiredAnnotationBeanPostProcessor.postProcessProperties(AutowiredAnnotationBeanPostProcessor.java:399)
	at org.springframework.beans.factory.support.AbstractAutowireCapableBeanFactory.populateBean(AbstractAutowireCapableBeanFactory.java:1420)
	at org.springframework.beans.factory.support.AbstractAutowireCapableBeanFactory.autowireBeanProperties(AbstractAutowireCapableBeanFactory.java:392)
	at org.springframework.test.context.support.DependencyInjectionTestExecutionListener.injectDependencies(DependencyInjectionTestExecutionListener.java:119)
	at org.springframework.test.context.support.DependencyInjectionTestExecutionListener.prepareTestInstance(DependencyInjectionTestExecutionListener.java:83)
	at org.springframework.test.context.TestContextManager.prepareTestInstance(TestContextManager.java:244)
	at org.springframework.test.context.junit4.SpringJUnit4ClassRunner.createTest(SpringJUnit4ClassRunner.java:227)
	at org.springframework.test.context.junit4.SpringJUnit4ClassRunner$1.runReflectiveCall(SpringJUnit4ClassRunner.java:289)
	at org.junit.internal.runners.model.ReflectiveCallable.run(ReflectiveCallable.java:12)
	at org.springframework.test.context.junit4.SpringJUnit4ClassRunner.methodBlock(SpringJUnit4ClassRunner.java:291)
	at org.springframework.test.context.junit4.SpringJUnit4ClassRunner.runChild(SpringJUnit4ClassRunner.java:246)
	at org.springframework.test.context.junit4.SpringJUnit4ClassRunner.runChild(SpringJUnit4ClassRunner.java:97)
	at org.junit.runners.ParentRunner$3.run(ParentRunner.java:290)
	at org.junit.runners.ParentRunner$1.schedule(ParentRunner.java:71)
	at org.junit.runners.ParentRunner.runChildren(ParentRunner.java:288)
	at org.junit.runners.ParentRunner.access$000(ParentRunner.java:58)
	at org.junit.runners.ParentRunner$2.evaluate(ParentRunner.java:268)
	at org.springframework.test.context.junit4.statements.RunBeforeTestClassCallbacks.evaluate(RunBeforeTestClassCallbacks.java:61)
	at org.springframework.test.context.junit4.statements.RunAfterTestClassCallbacks.evaluate(RunAfterTestClassCallbacks.java:70)
	at org.junit.runners.ParentRunner.run(ParentRunner.java:363)
	at org.springframework.test.context.junit4.SpringJUnit4ClassRunner.run(SpringJUnit4ClassRunner.java:190)
	at org.junit.runner.JUnitCore.run(JUnitCore.java:137)
	at com.intellij.junit4.JUnit4IdeaTestRunner.startRunnerWithArgs(JUnit4IdeaTestRunner.java:69)
	at com.intellij.rt.junit.IdeaTestRunner$Repeater.startRunnerWithArgs(IdeaTestRunner.java:33)
	at com.intellij.rt.junit.JUnitStarter.prepareStreamsAndStart(JUnitStarter.java:220)
	at com.intellij.rt.junit.JUnitStarter.main(JUnitStarter.java:53)
Caused by: org.springframework.beans.factory.NoSuchBeanDefinitionException: No qualifying bean of type 'com.ding.crowd.service.api.AdminService' available: expected at least 1 bean which qualifies as autowire candidate. Dependency annotations: {@org.springframework.beans.factory.annotation.Autowired(required=true)}
	at org.springframework.beans.factory.support.DefaultListableBeanFactory.raiseNoMatchingBeanFound(DefaultListableBeanFactory.java:1717)
	at org.springframework.beans.factory.support.DefaultListableBeanFactory.doResolveDependency(DefaultListableBeanFactory.java:1273)
	at org.springframework.beans.factory.support.DefaultListableBeanFactory.resolveDependency(DefaultListableBeanFactory.java:1227)
	at org.springframework.beans.factory.annotation.AutowiredAnnotationBeanPostProcessor$AutowiredFieldElement.inject(AutowiredAnnotationBeanPostProcessor.java:640)
	... 27 more
[springModel][INFO] [2021-10-22 16:42:18] com.alibaba.druid.pool.DruidDataSource.close(2032) | {dataSource-0} closing ...
[springModel][INFO] [2021-10-22 16:42:49] org.springframework.test.context.support.AbstractTestContextBootstrapper.getDefaultTestExecutionListenerClassNames(248) | Loaded default TestExecutionListener class names from location [META-INF/spring.factories]: [org.springframework.test.context.web.ServletTestExecutionListener, org.springframework.test.context.support.DirtiesContextBeforeModesTestExecutionListener, org.springframework.test.context.support.DependencyInjectionTestExecutionListener, org.springframework.test.context.support.DirtiesContextTestExecutionListener, org.springframework.test.context.transaction.TransactionalTestExecutionListener, org.springframework.test.context.jdbc.SqlScriptsTestExecutionListener, org.springframework.test.context.event.EventPublishingTestExecutionListener]
[springModel][INFO] [2021-10-22 16:42:49] org.springframework.test.context.support.AbstractTestContextBootstrapper.getTestExecutionListeners(177) | Using TestExecutionListeners: [org.springframework.test.context.web.ServletTestExecutionListener@23faf8f2, org.springframework.test.context.support.DirtiesContextBeforeModesTestExecutionListener@2d6eabae, org.springframework.test.context.support.DependencyInjectionTestExecutionListener@4e7dc304, org.springframework.test.context.support.DirtiesContextTestExecutionListener@64729b1e, org.springframework.test.context.transaction.TransactionalTestExecutionListener@10bbd20a, org.springframework.test.context.jdbc.SqlScriptsTestExecutionListener@48503868, org.springframework.test.context.event.EventPublishingTestExecutionListener@6895a785]
[springModel][ERROR] [2021-10-22 16:42:50] org.springframework.test.context.TestContextManager.prepareTestInstance(248) | Caught exception while allowing TestExecutionListener [org.springframework.test.context.support.DependencyInjectionTestExecutionListener@4e7dc304] to prepare test instance [com.ding.crowd.CrowdTest@268f106e]
org.springframework.beans.factory.UnsatisfiedDependencyException: Error creating bean with name 'com.ding.crowd.CrowdTest': Unsatisfied dependency expressed through field 'adminService'; nested exception is org.springframework.beans.factory.NoSuchBeanDefinitionException: No qualifying bean of type 'com.ding.crowd.service.api.AdminService' available: expected at least 1 bean which qualifies as autowire candidate. Dependency annotations: {@org.springframework.beans.factory.annotation.Autowired(required=true)}
	at org.springframework.beans.factory.annotation.AutowiredAnnotationBeanPostProcessor$AutowiredFieldElement.inject(AutowiredAnnotationBeanPostProcessor.java:643)
	at org.springframework.beans.factory.annotation.InjectionMetadata.inject(InjectionMetadata.java:119)
	at org.springframework.beans.factory.annotation.AutowiredAnnotationBeanPostProcessor.postProcessProperties(AutowiredAnnotationBeanPostProcessor.java:399)
	at org.springframework.beans.factory.support.AbstractAutowireCapableBeanFactory.populateBean(AbstractAutowireCapableBeanFactory.java:1420)
	at org.springframework.beans.factory.support.AbstractAutowireCapableBeanFactory.autowireBeanProperties(AbstractAutowireCapableBeanFactory.java:392)
	at org.springframework.test.context.support.DependencyInjectionTestExecutionListener.injectDependencies(DependencyInjectionTestExecutionListener.java:119)
	at org.springframework.test.context.support.DependencyInjectionTestExecutionListener.prepareTestInstance(DependencyInjectionTestExecutionListener.java:83)
	at org.springframework.test.context.TestContextManager.prepareTestInstance(TestContextManager.java:244)
	at org.springframework.test.context.junit4.SpringJUnit4ClassRunner.createTest(SpringJUnit4ClassRunner.java:227)
	at org.springframework.test.context.junit4.SpringJUnit4ClassRunner$1.runReflectiveCall(SpringJUnit4ClassRunner.java:289)
	at org.junit.internal.runners.model.ReflectiveCallable.run(ReflectiveCallable.java:12)
	at org.springframework.test.context.junit4.SpringJUnit4ClassRunner.methodBlock(SpringJUnit4ClassRunner.java:291)
	at org.springframework.test.context.junit4.SpringJUnit4ClassRunner.runChild(SpringJUnit4ClassRunner.java:246)
	at org.springframework.test.context.junit4.SpringJUnit4ClassRunner.runChild(SpringJUnit4ClassRunner.java:97)
	at org.junit.runners.ParentRunner$3.run(ParentRunner.java:290)
	at org.junit.runners.ParentRunner$1.schedule(ParentRunner.java:71)
	at org.junit.runners.ParentRunner.runChildren(ParentRunner.java:288)
	at org.junit.runners.ParentRunner.access$000(ParentRunner.java:58)
	at org.junit.runners.ParentRunner$2.evaluate(ParentRunner.java:268)
	at org.springframework.test.context.junit4.statements.RunBeforeTestClassCallbacks.evaluate(RunBeforeTestClassCallbacks.java:61)
	at org.springframework.test.context.junit4.statements.RunAfterTestClassCallbacks.evaluate(RunAfterTestClassCallbacks.java:70)
	at org.junit.runners.ParentRunner.run(ParentRunner.java:363)
	at org.springframework.test.context.junit4.SpringJUnit4ClassRunner.run(SpringJUnit4ClassRunner.java:190)
	at org.junit.runner.JUnitCore.run(JUnitCore.java:137)
	at com.intellij.junit4.JUnit4IdeaTestRunner.startRunnerWithArgs(JUnit4IdeaTestRunner.java:69)
	at com.intellij.rt.junit.IdeaTestRunner$Repeater.startRunnerWithArgs(IdeaTestRunner.java:33)
	at com.intellij.rt.junit.JUnitStarter.prepareStreamsAndStart(JUnitStarter.java:220)
	at com.intellij.rt.junit.JUnitStarter.main(JUnitStarter.java:53)
Caused by: org.springframework.beans.factory.NoSuchBeanDefinitionException: No qualifying bean of type 'com.ding.crowd.service.api.AdminService' available: expected at least 1 bean which qualifies as autowire candidate. Dependency annotations: {@org.springframework.beans.factory.annotation.Autowired(required=true)}
	at org.springframework.beans.factory.support.DefaultListableBeanFactory.raiseNoMatchingBeanFound(DefaultListableBeanFactory.java:1717)
	at org.springframework.beans.factory.support.DefaultListableBeanFactory.doResolveDependency(DefaultListableBeanFactory.java:1273)
	at org.springframework.beans.factory.support.DefaultListableBeanFactory.resolveDependency(DefaultListableBeanFactory.java:1227)
	at org.springframework.beans.factory.annotation.AutowiredAnnotationBeanPostProcessor$AutowiredFieldElement.inject(AutowiredAnnotationBeanPostProcessor.java:640)
	... 27 more
[springModel][INFO] [2021-10-22 16:42:50] com.alibaba.druid.pool.DruidDataSource.close(2032) | {dataSource-0} closing ...
[springModel][INFO] [2021-10-22 16:44:45] org.springframework.test.context.support.AbstractTestContextBootstrapper.getDefaultTestExecutionListenerClassNames(248) | Loaded default TestExecutionListener class names from location [META-INF/spring.factories]: [org.springframework.test.context.web.ServletTestExecutionListener, org.springframework.test.context.support.DirtiesContextBeforeModesTestExecutionListener, org.springframework.test.context.support.DependencyInjectionTestExecutionListener, org.springframework.test.context.support.DirtiesContextTestExecutionListener, org.springframework.test.context.transaction.TransactionalTestExecutionListener, org.springframework.test.context.jdbc.SqlScriptsTestExecutionListener, org.springframework.test.context.event.EventPublishingTestExecutionListener]
[springModel][INFO] [2021-10-22 16:44:45] org.springframework.test.context.support.AbstractTestContextBootstrapper.getTestExecutionListeners(177) | Using TestExecutionListeners: [org.springframework.test.context.web.ServletTestExecutionListener@23faf8f2, org.springframework.test.context.support.DirtiesContextBeforeModesTestExecutionListener@2d6eabae, org.springframework.test.context.support.DependencyInjectionTestExecutionListener@4e7dc304, org.springframework.test.context.support.DirtiesContextTestExecutionListener@64729b1e, org.springframework.test.context.transaction.TransactionalTestExecutionListener@10bbd20a, org.springframework.test.context.jdbc.SqlScriptsTestExecutionListener@48503868, org.springframework.test.context.event.EventPublishingTestExecutionListener@6895a785]
[springModel][ERROR] [2021-10-22 16:44:46] org.springframework.test.context.TestContextManager.prepareTestInstance(248) | Caught exception while allowing TestExecutionListener [org.springframework.test.context.support.DependencyInjectionTestExecutionListener@4e7dc304] to prepare test instance [com.ding.crowd.CrowdTest@268f106e]
org.springframework.beans.factory.UnsatisfiedDependencyException: Error creating bean with name 'com.ding.crowd.CrowdTest': Unsatisfied dependency expressed through field 'adminService'; nested exception is org.springframework.beans.factory.NoSuchBeanDefinitionException: No qualifying bean of type 'com.ding.crowd.service.api.AdminService' available: expected at least 1 bean which qualifies as autowire candidate. Dependency annotations: {@org.springframework.beans.factory.annotation.Autowired(required=true)}
	at org.springframework.beans.factory.annotation.AutowiredAnnotationBeanPostProcessor$AutowiredFieldElement.inject(AutowiredAnnotationBeanPostProcessor.java:643)
	at org.springframework.beans.factory.annotation.InjectionMetadata.inject(InjectionMetadata.java:119)
	at org.springframework.beans.factory.annotation.AutowiredAnnotationBeanPostProcessor.postProcessProperties(AutowiredAnnotationBeanPostProcessor.java:399)
	at org.springframework.beans.factory.support.AbstractAutowireCapableBeanFactory.populateBean(AbstractAutowireCapableBeanFactory.java:1420)
	at org.springframework.beans.factory.support.AbstractAutowireCapableBeanFactory.autowireBeanProperties(AbstractAutowireCapableBeanFactory.java:392)
	at org.springframework.test.context.support.DependencyInjectionTestExecutionListener.injectDependencies(DependencyInjectionTestExecutionListener.java:119)
	at org.springframework.test.context.support.DependencyInjectionTestExecutionListener.prepareTestInstance(DependencyInjectionTestExecutionListener.java:83)
	at org.springframework.test.context.TestContextManager.prepareTestInstance(TestContextManager.java:244)
	at org.springframework.test.context.junit4.SpringJUnit4ClassRunner.createTest(SpringJUnit4ClassRunner.java:227)
	at org.springframework.test.context.junit4.SpringJUnit4ClassRunner$1.runReflectiveCall(SpringJUnit4ClassRunner.java:289)
	at org.junit.internal.runners.model.ReflectiveCallable.run(ReflectiveCallable.java:12)
	at org.springframework.test.context.junit4.SpringJUnit4ClassRunner.methodBlock(SpringJUnit4ClassRunner.java:291)
	at org.springframework.test.context.junit4.SpringJUnit4ClassRunner.runChild(SpringJUnit4ClassRunner.java:246)
	at org.springframework.test.context.junit4.SpringJUnit4ClassRunner.runChild(SpringJUnit4ClassRunner.java:97)
	at org.junit.runners.ParentRunner$3.run(ParentRunner.java:290)
	at org.junit.runners.ParentRunner$1.schedule(ParentRunner.java:71)
	at org.junit.runners.ParentRunner.runChildren(ParentRunner.java:288)
	at org.junit.runners.ParentRunner.access$000(ParentRunner.java:58)
	at org.junit.runners.ParentRunner$2.evaluate(ParentRunner.java:268)
	at org.springframework.test.context.junit4.statements.RunBeforeTestClassCallbacks.evaluate(RunBeforeTestClassCallbacks.java:61)
	at org.springframework.test.context.junit4.statements.RunAfterTestClassCallbacks.evaluate(RunAfterTestClassCallbacks.java:70)
	at org.junit.runners.ParentRunner.run(ParentRunner.java:363)
	at org.springframework.test.context.junit4.SpringJUnit4ClassRunner.run(SpringJUnit4ClassRunner.java:190)
	at org.junit.runner.JUnitCore.run(JUnitCore.java:137)
	at com.intellij.junit4.JUnit4IdeaTestRunner.startRunnerWithArgs(JUnit4IdeaTestRunner.java:69)
	at com.intellij.rt.junit.IdeaTestRunner$Repeater.startRunnerWithArgs(IdeaTestRunner.java:33)
	at com.intellij.rt.junit.JUnitStarter.prepareStreamsAndStart(JUnitStarter.java:220)
	at com.intellij.rt.junit.JUnitStarter.main(JUnitStarter.java:53)
Caused by: org.springframework.beans.factory.NoSuchBeanDefinitionException: No qualifying bean of type 'com.ding.crowd.service.api.AdminService' available: expected at least 1 bean which qualifies as autowire candidate. Dependency annotations: {@org.springframework.beans.factory.annotation.Autowired(required=true)}
	at org.springframework.beans.factory.support.DefaultListableBeanFactory.raiseNoMatchingBeanFound(DefaultListableBeanFactory.java:1717)
	at org.springframework.beans.factory.support.DefaultListableBeanFactory.doResolveDependency(DefaultListableBeanFactory.java:1273)
	at org.springframework.beans.factory.support.DefaultListableBeanFactory.resolveDependency(DefaultListableBeanFactory.java:1227)
	at org.springframework.beans.factory.annotation.AutowiredAnnotationBeanPostProcessor$AutowiredFieldElement.inject(AutowiredAnnotationBeanPostProcessor.java:640)
	... 27 more
[springModel][INFO] [2021-10-22 16:44:46] com.alibaba.druid.pool.DruidDataSource.close(2032) | {dataSource-0} closing ...
[springModel][INFO] [2021-10-22 16:45:52] org.springframework.test.context.support.AbstractTestContextBootstrapper.getDefaultTestExecutionListenerClassNames(248) | Loaded default TestExecutionListener class names from location [META-INF/spring.factories]: [org.springframework.test.context.web.ServletTestExecutionListener, org.springframework.test.context.support.DirtiesContextBeforeModesTestExecutionListener, org.springframework.test.context.support.DependencyInjectionTestExecutionListener, org.springframework.test.context.support.DirtiesContextTestExecutionListener, org.springframework.test.context.transaction.TransactionalTestExecutionListener, org.springframework.test.context.jdbc.SqlScriptsTestExecutionListener, org.springframework.test.context.event.EventPublishingTestExecutionListener]
[springModel][INFO] [2021-10-22 16:45:52] org.springframework.test.context.support.AbstractTestContextBootstrapper.getTestExecutionListeners(177) | Using TestExecutionListeners: [org.springframework.test.context.web.ServletTestExecutionListener@23faf8f2, org.springframework.test.context.support.DirtiesContextBeforeModesTestExecutionListener@2d6eabae, org.springframework.test.context.support.DependencyInjectionTestExecutionListener@4e7dc304, org.springframework.test.context.support.DirtiesContextTestExecutionListener@64729b1e, org.springframework.test.context.transaction.TransactionalTestExecutionListener@10bbd20a, org.springframework.test.context.jdbc.SqlScriptsTestExecutionListener@48503868, org.springframework.test.context.event.EventPublishingTestExecutionListener@6895a785]
[springModel][ERROR] [2021-10-22 16:45:53] org.springframework.test.context.TestContextManager.prepareTestInstance(248) | Caught exception while allowing TestExecutionListener [org.springframework.test.context.support.DependencyInjectionTestExecutionListener@4e7dc304] to prepare test instance [com.ding.crowd.CrowdTest@268f106e]
org.springframework.beans.factory.UnsatisfiedDependencyException: Error creating bean with name 'com.ding.crowd.CrowdTest': Unsatisfied dependency expressed through field 'adminService'; nested exception is org.springframework.beans.factory.NoSuchBeanDefinitionException: No qualifying bean of type 'com.ding.crowd.service.api.AdminService' available: expected at least 1 bean which qualifies as autowire candidate. Dependency annotations: {@org.springframework.beans.factory.annotation.Autowired(required=true)}
	at org.springframework.beans.factory.annotation.AutowiredAnnotationBeanPostProcessor$AutowiredFieldElement.inject(AutowiredAnnotationBeanPostProcessor.java:643)
	at org.springframework.beans.factory.annotation.InjectionMetadata.inject(InjectionMetadata.java:119)
	at org.springframework.beans.factory.annotation.AutowiredAnnotationBeanPostProcessor.postProcessProperties(AutowiredAnnotationBeanPostProcessor.java:399)
	at org.springframework.beans.factory.support.AbstractAutowireCapableBeanFactory.populateBean(AbstractAutowireCapableBeanFactory.java:1420)
	at org.springframework.beans.factory.support.AbstractAutowireCapableBeanFactory.autowireBeanProperties(AbstractAutowireCapableBeanFactory.java:392)
	at org.springframework.test.context.support.DependencyInjectionTestExecutionListener.injectDependencies(DependencyInjectionTestExecutionListener.java:119)
	at org.springframework.test.context.support.DependencyInjectionTestExecutionListener.prepareTestInstance(DependencyInjectionTestExecutionListener.java:83)
	at org.springframework.test.context.TestContextManager.prepareTestInstance(TestContextManager.java:244)
	at org.springframework.test.context.junit4.SpringJUnit4ClassRunner.createTest(SpringJUnit4ClassRunner.java:227)
	at org.springframework.test.context.junit4.SpringJUnit4ClassRunner$1.runReflectiveCall(SpringJUnit4ClassRunner.java:289)
	at org.junit.internal.runners.model.ReflectiveCallable.run(ReflectiveCallable.java:12)
	at org.springframework.test.context.junit4.SpringJUnit4ClassRunner.methodBlock(SpringJUnit4ClassRunner.java:291)
	at org.springframework.test.context.junit4.SpringJUnit4ClassRunner.runChild(SpringJUnit4ClassRunner.java:246)
	at org.springframework.test.context.junit4.SpringJUnit4ClassRunner.runChild(SpringJUnit4ClassRunner.java:97)
	at org.junit.runners.ParentRunner$3.run(ParentRunner.java:290)
	at org.junit.runners.ParentRunner$1.schedule(ParentRunner.java:71)
	at org.junit.runners.ParentRunner.runChildren(ParentRunner.java:288)
	at org.junit.runners.ParentRunner.access$000(ParentRunner.java:58)
	at org.junit.runners.ParentRunner$2.evaluate(ParentRunner.java:268)
	at org.springframework.test.context.junit4.statements.RunBeforeTestClassCallbacks.evaluate(RunBeforeTestClassCallbacks.java:61)
	at org.springframework.test.context.junit4.statements.RunAfterTestClassCallbacks.evaluate(RunAfterTestClassCallbacks.java:70)
	at org.junit.runners.ParentRunner.run(ParentRunner.java:363)
	at org.springframework.test.context.junit4.SpringJUnit4ClassRunner.run(SpringJUnit4ClassRunner.java:190)
	at org.junit.runner.JUnitCore.run(JUnitCore.java:137)
	at com.intellij.junit4.JUnit4IdeaTestRunner.startRunnerWithArgs(JUnit4IdeaTestRunner.java:69)
	at com.intellij.rt.junit.IdeaTestRunner$Repeater.startRunnerWithArgs(IdeaTestRunner.java:33)
	at com.intellij.rt.junit.JUnitStarter.prepareStreamsAndStart(JUnitStarter.java:220)
	at com.intellij.rt.junit.JUnitStarter.main(JUnitStarter.java:53)
Caused by: org.springframework.beans.factory.NoSuchBeanDefinitionException: No qualifying bean of type 'com.ding.crowd.service.api.AdminService' available: expected at least 1 bean which qualifies as autowire candidate. Dependency annotations: {@org.springframework.beans.factory.annotation.Autowired(required=true)}
	at org.springframework.beans.factory.support.DefaultListableBeanFactory.raiseNoMatchingBeanFound(DefaultListableBeanFactory.java:1717)
	at org.springframework.beans.factory.support.DefaultListableBeanFactory.doResolveDependency(DefaultListableBeanFactory.java:1273)
	at org.springframework.beans.factory.support.DefaultListableBeanFactory.resolveDependency(DefaultListableBeanFactory.java:1227)
	at org.springframework.beans.factory.annotation.AutowiredAnnotationBeanPostProcessor$AutowiredFieldElement.inject(AutowiredAnnotationBeanPostProcessor.java:640)
	... 27 more
[springModel][INFO] [2021-10-22 16:45:53] com.alibaba.druid.pool.DruidDataSource.close(2032) | {dataSource-0} closing ...
[springModel][INFO] [2021-10-22 16:46:46] org.springframework.test.context.support.AbstractTestContextBootstrapper.getDefaultTestExecutionListenerClassNames(248) | Loaded default TestExecutionListener class names from location [META-INF/spring.factories]: [org.springframework.test.context.web.ServletTestExecutionListener, org.springframework.test.context.support.DirtiesContextBeforeModesTestExecutionListener, org.springframework.test.context.support.DependencyInjectionTestExecutionListener, org.springframework.test.context.support.DirtiesContextTestExecutionListener, org.springframework.test.context.transaction.TransactionalTestExecutionListener, org.springframework.test.context.jdbc.SqlScriptsTestExecutionListener, org.springframework.test.context.event.EventPublishingTestExecutionListener]
[springModel][INFO] [2021-10-22 16:46:46] org.springframework.test.context.support.AbstractTestContextBootstrapper.getTestExecutionListeners(177) | Using TestExecutionListeners: [org.springframework.test.context.web.ServletTestExecutionListener@23faf8f2, org.springframework.test.context.support.DirtiesContextBeforeModesTestExecutionListener@2d6eabae, org.springframework.test.context.support.DependencyInjectionTestExecutionListener@4e7dc304, org.springframework.test.context.support.DirtiesContextTestExecutionListener@64729b1e, org.springframework.test.context.transaction.TransactionalTestExecutionListener@10bbd20a, org.springframework.test.context.jdbc.SqlScriptsTestExecutionListener@48503868, org.springframework.test.context.event.EventPublishingTestExecutionListener@6895a785]
[springModel][ERROR] [2021-10-22 16:46:47] org.springframework.test.context.TestContextManager.prepareTestInstance(248) | Caught exception while allowing TestExecutionListener [org.springframework.test.context.support.DependencyInjectionTestExecutionListener@4e7dc304] to prepare test instance [com.ding.crowd.CrowdTest@268f106e]
org.springframework.beans.factory.UnsatisfiedDependencyException: Error creating bean with name 'com.ding.crowd.CrowdTest': Unsatisfied dependency expressed through field 'adminService'; nested exception is org.springframework.beans.factory.NoSuchBeanDefinitionException: No qualifying bean of type 'com.ding.crowd.service.api.AdminService' available: expected at least 1 bean which qualifies as autowire candidate. Dependency annotations: {@org.springframework.beans.factory.annotation.Autowired(required=true)}
	at org.springframework.beans.factory.annotation.AutowiredAnnotationBeanPostProcessor$AutowiredFieldElement.inject(AutowiredAnnotationBeanPostProcessor.java:643)
	at org.springframework.beans.factory.annotation.InjectionMetadata.inject(InjectionMetadata.java:119)
	at org.springframework.beans.factory.annotation.AutowiredAnnotationBeanPostProcessor.postProcessProperties(AutowiredAnnotationBeanPostProcessor.java:399)
	at org.springframework.beans.factory.support.AbstractAutowireCapableBeanFactory.populateBean(AbstractAutowireCapableBeanFactory.java:1420)
	at org.springframework.beans.factory.support.AbstractAutowireCapableBeanFactory.autowireBeanProperties(AbstractAutowireCapableBeanFactory.java:392)
	at org.springframework.test.context.support.DependencyInjectionTestExecutionListener.injectDependencies(DependencyInjectionTestExecutionListener.java:119)
	at org.springframework.test.context.support.DependencyInjectionTestExecutionListener.prepareTestInstance(DependencyInjectionTestExecutionListener.java:83)
	at org.springframework.test.context.TestContextManager.prepareTestInstance(TestContextManager.java:244)
	at org.springframework.test.context.junit4.SpringJUnit4ClassRunner.createTest(SpringJUnit4ClassRunner.java:227)
	at org.springframework.test.context.junit4.SpringJUnit4ClassRunner$1.runReflectiveCall(SpringJUnit4ClassRunner.java:289)
	at org.junit.internal.runners.model.ReflectiveCallable.run(ReflectiveCallable.java:12)
	at org.springframework.test.context.junit4.SpringJUnit4ClassRunner.methodBlock(SpringJUnit4ClassRunner.java:291)
	at org.springframework.test.context.junit4.SpringJUnit4ClassRunner.runChild(SpringJUnit4ClassRunner.java:246)
	at org.springframework.test.context.junit4.SpringJUnit4ClassRunner.runChild(SpringJUnit4ClassRunner.java:97)
	at org.junit.runners.ParentRunner$3.run(ParentRunner.java:290)
	at org.junit.runners.ParentRunner$1.schedule(ParentRunner.java:71)
	at org.junit.runners.ParentRunner.runChildren(ParentRunner.java:288)
	at org.junit.runners.ParentRunner.access$000(ParentRunner.java:58)
	at org.junit.runners.ParentRunner$2.evaluate(ParentRunner.java:268)
	at org.springframework.test.context.junit4.statements.RunBeforeTestClassCallbacks.evaluate(RunBeforeTestClassCallbacks.java:61)
	at org.springframework.test.context.junit4.statements.RunAfterTestClassCallbacks.evaluate(RunAfterTestClassCallbacks.java:70)
	at org.junit.runners.ParentRunner.run(ParentRunner.java:363)
	at org.springframework.test.context.junit4.SpringJUnit4ClassRunner.run(SpringJUnit4ClassRunner.java:190)
	at org.junit.runner.JUnitCore.run(JUnitCore.java:137)
	at com.intellij.junit4.JUnit4IdeaTestRunner.startRunnerWithArgs(JUnit4IdeaTestRunner.java:69)
	at com.intellij.rt.junit.IdeaTestRunner$Repeater.startRunnerWithArgs(IdeaTestRunner.java:33)
	at com.intellij.rt.junit.JUnitStarter.prepareStreamsAndStart(JUnitStarter.java:220)
	at com.intellij.rt.junit.JUnitStarter.main(JUnitStarter.java:53)
Caused by: org.springframework.beans.factory.NoSuchBeanDefinitionException: No qualifying bean of type 'com.ding.crowd.service.api.AdminService' available: expected at least 1 bean which qualifies as autowire candidate. Dependency annotations: {@org.springframework.beans.factory.annotation.Autowired(required=true)}
	at org.springframework.beans.factory.support.DefaultListableBeanFactory.raiseNoMatchingBeanFound(DefaultListableBeanFactory.java:1717)
	at org.springframework.beans.factory.support.DefaultListableBeanFactory.doResolveDependency(DefaultListableBeanFactory.java:1273)
	at org.springframework.beans.factory.support.DefaultListableBeanFactory.resolveDependency(DefaultListableBeanFactory.java:1227)
	at org.springframework.beans.factory.annotation.AutowiredAnnotationBeanPostProcessor$AutowiredFieldElement.inject(AutowiredAnnotationBeanPostProcessor.java:640)
	... 27 more
[springModel][INFO] [2021-10-22 16:46:47] com.alibaba.druid.pool.DruidDataSource.close(2032) | {dataSource-0} closing ...
[springModel][INFO] [2021-10-22 16:48:33] org.springframework.test.context.support.AbstractTestContextBootstrapper.getDefaultTestExecutionListenerClassNames(248) | Loaded default TestExecutionListener class names from location [META-INF/spring.factories]: [org.springframework.test.context.web.ServletTestExecutionListener, org.springframework.test.context.support.DirtiesContextBeforeModesTestExecutionListener, org.springframework.test.context.support.DependencyInjectionTestExecutionListener, org.springframework.test.context.support.DirtiesContextTestExecutionListener, org.springframework.test.context.transaction.TransactionalTestExecutionListener, org.springframework.test.context.jdbc.SqlScriptsTestExecutionListener, org.springframework.test.context.event.EventPublishingTestExecutionListener]
[springModel][INFO] [2021-10-22 16:48:33] org.springframework.test.context.support.AbstractTestContextBootstrapper.getTestExecutionListeners(177) | Using TestExecutionListeners: [org.springframework.test.context.web.ServletTestExecutionListener@23faf8f2, org.springframework.test.context.support.DirtiesContextBeforeModesTestExecutionListener@2d6eabae, org.springframework.test.context.support.DependencyInjectionTestExecutionListener@4e7dc304, org.springframework.test.context.support.DirtiesContextTestExecutionListener@64729b1e, org.springframework.test.context.transaction.TransactionalTestExecutionListener@10bbd20a, org.springframework.test.context.jdbc.SqlScriptsTestExecutionListener@48503868, org.springframework.test.context.event.EventPublishingTestExecutionListener@6895a785]
[springModel][ERROR] [2021-10-22 16:48:34] org.springframework.test.context.TestContextManager.prepareTestInstance(248) | Caught exception while allowing TestExecutionListener [org.springframework.test.context.support.DependencyInjectionTestExecutionListener@4e7dc304] to prepare test instance [com.ding.crowd.CrowdTest@268f106e]
org.springframework.beans.factory.UnsatisfiedDependencyException: Error creating bean with name 'com.ding.crowd.CrowdTest': Unsatisfied dependency expressed through field 'adminService'; nested exception is org.springframework.beans.factory.NoSuchBeanDefinitionException: No qualifying bean of type 'com.ding.crowd.service.api.AdminService' available: expected at least 1 bean which qualifies as autowire candidate. Dependency annotations: {@org.springframework.beans.factory.annotation.Autowired(required=true)}
	at org.springframework.beans.factory.annotation.AutowiredAnnotationBeanPostProcessor$AutowiredFieldElement.inject(AutowiredAnnotationBeanPostProcessor.java:643)
	at org.springframework.beans.factory.annotation.InjectionMetadata.inject(InjectionMetadata.java:119)
	at org.springframework.beans.factory.annotation.AutowiredAnnotationBeanPostProcessor.postProcessProperties(AutowiredAnnotationBeanPostProcessor.java:399)
	at org.springframework.beans.factory.support.AbstractAutowireCapableBeanFactory.populateBean(AbstractAutowireCapableBeanFactory.java:1420)
	at org.springframework.beans.factory.support.AbstractAutowireCapableBeanFactory.autowireBeanProperties(AbstractAutowireCapableBeanFactory.java:392)
	at org.springframework.test.context.support.DependencyInjectionTestExecutionListener.injectDependencies(DependencyInjectionTestExecutionListener.java:119)
	at org.springframework.test.context.support.DependencyInjectionTestExecutionListener.prepareTestInstance(DependencyInjectionTestExecutionListener.java:83)
	at org.springframework.test.context.TestContextManager.prepareTestInstance(TestContextManager.java:244)
	at org.springframework.test.context.junit4.SpringJUnit4ClassRunner.createTest(SpringJUnit4ClassRunner.java:227)
	at org.springframework.test.context.junit4.SpringJUnit4ClassRunner$1.runReflectiveCall(SpringJUnit4ClassRunner.java:289)
	at org.junit.internal.runners.model.ReflectiveCallable.run(ReflectiveCallable.java:12)
	at org.springframework.test.context.junit4.SpringJUnit4ClassRunner.methodBlock(SpringJUnit4ClassRunner.java:291)
	at org.springframework.test.context.junit4.SpringJUnit4ClassRunner.runChild(SpringJUnit4ClassRunner.java:246)
	at org.springframework.test.context.junit4.SpringJUnit4ClassRunner.runChild(SpringJUnit4ClassRunner.java:97)
	at org.junit.runners.ParentRunner$3.run(ParentRunner.java:290)
	at org.junit.runners.ParentRunner$1.schedule(ParentRunner.java:71)
	at org.junit.runners.ParentRunner.runChildren(ParentRunner.java:288)
	at org.junit.runners.ParentRunner.access$000(ParentRunner.java:58)
	at org.junit.runners.ParentRunner$2.evaluate(ParentRunner.java:268)
	at org.springframework.test.context.junit4.statements.RunBeforeTestClassCallbacks.evaluate(RunBeforeTestClassCallbacks.java:61)
	at org.springframework.test.context.junit4.statements.RunAfterTestClassCallbacks.evaluate(RunAfterTestClassCallbacks.java:70)
	at org.junit.runners.ParentRunner.run(ParentRunner.java:363)
	at org.springframework.test.context.junit4.SpringJUnit4ClassRunner.run(SpringJUnit4ClassRunner.java:190)
	at org.junit.runner.JUnitCore.run(JUnitCore.java:137)
	at com.intellij.junit4.JUnit4IdeaTestRunner.startRunnerWithArgs(JUnit4IdeaTestRunner.java:69)
	at com.intellij.rt.junit.IdeaTestRunner$Repeater.startRunnerWithArgs(IdeaTestRunner.java:33)
	at com.intellij.rt.junit.JUnitStarter.prepareStreamsAndStart(JUnitStarter.java:220)
	at com.intellij.rt.junit.JUnitStarter.main(JUnitStarter.java:53)
Caused by: org.springframework.beans.factory.NoSuchBeanDefinitionException: No qualifying bean of type 'com.ding.crowd.service.api.AdminService' available: expected at least 1 bean which qualifies as autowire candidate. Dependency annotations: {@org.springframework.beans.factory.annotation.Autowired(required=true)}
	at org.springframework.beans.factory.support.DefaultListableBeanFactory.raiseNoMatchingBeanFound(DefaultListableBeanFactory.java:1717)
	at org.springframework.beans.factory.support.DefaultListableBeanFactory.doResolveDependency(DefaultListableBeanFactory.java:1273)
	at org.springframework.beans.factory.support.DefaultListableBeanFactory.resolveDependency(DefaultListableBeanFactory.java:1227)
	at org.springframework.beans.factory.annotation.AutowiredAnnotationBeanPostProcessor$AutowiredFieldElement.inject(AutowiredAnnotationBeanPostProcessor.java:640)
	... 27 more
[springModel][INFO] [2021-10-22 16:48:34] com.alibaba.druid.pool.DruidDataSource.close(2032) | {dataSource-0} closing ...
[springModel][INFO] [2021-10-22 16:49:04] org.springframework.test.context.support.AbstractTestContextBootstrapper.getDefaultTestExecutionListenerClassNames(248) | Loaded default TestExecutionListener class names from location [META-INF/spring.factories]: [org.springframework.test.context.web.ServletTestExecutionListener, org.springframework.test.context.support.DirtiesContextBeforeModesTestExecutionListener, org.springframework.test.context.support.DependencyInjectionTestExecutionListener, org.springframework.test.context.support.DirtiesContextTestExecutionListener, org.springframework.test.context.transaction.TransactionalTestExecutionListener, org.springframework.test.context.jdbc.SqlScriptsTestExecutionListener, org.springframework.test.context.event.EventPublishingTestExecutionListener]
[springModel][INFO] [2021-10-22 16:49:04] org.springframework.test.context.support.AbstractTestContextBootstrapper.getTestExecutionListeners(177) | Using TestExecutionListeners: [org.springframework.test.context.web.ServletTestExecutionListener@23faf8f2, org.springframework.test.context.support.DirtiesContextBeforeModesTestExecutionListener@2d6eabae, org.springframework.test.context.support.DependencyInjectionTestExecutionListener@4e7dc304, org.springframework.test.context.support.DirtiesContextTestExecutionListener@64729b1e, org.springframework.test.context.transaction.TransactionalTestExecutionListener@10bbd20a, org.springframework.test.context.jdbc.SqlScriptsTestExecutionListener@48503868, org.springframework.test.context.event.EventPublishingTestExecutionListener@6895a785]
[springModel][ERROR] [2021-10-22 16:49:04] org.springframework.test.context.TestContextManager.prepareTestInstance(248) | Caught exception while allowing TestExecutionListener [org.springframework.test.context.support.DependencyInjectionTestExecutionListener@4e7dc304] to prepare test instance [com.ding.crowd.CrowdTest@6ce139a4]
org.springframework.beans.factory.UnsatisfiedDependencyException: Error creating bean with name 'com.ding.crowd.CrowdTest': Unsatisfied dependency expressed through field 'dataSource'; nested exception is org.springframework.beans.factory.NoSuchBeanDefinitionException: No qualifying bean of type 'javax.sql.DataSource' available: expected at least 1 bean which qualifies as autowire candidate. Dependency annotations: {@org.springframework.beans.factory.annotation.Autowired(required=true)}
	at org.springframework.beans.factory.annotation.AutowiredAnnotationBeanPostProcessor$AutowiredFieldElement.inject(AutowiredAnnotationBeanPostProcessor.java:643)
	at org.springframework.beans.factory.annotation.InjectionMetadata.inject(InjectionMetadata.java:119)
	at org.springframework.beans.factory.annotation.AutowiredAnnotationBeanPostProcessor.postProcessProperties(AutowiredAnnotationBeanPostProcessor.java:399)
	at org.springframework.beans.factory.support.AbstractAutowireCapableBeanFactory.populateBean(AbstractAutowireCapableBeanFactory.java:1420)
	at org.springframework.beans.factory.support.AbstractAutowireCapableBeanFactory.autowireBeanProperties(AbstractAutowireCapableBeanFactory.java:392)
	at org.springframework.test.context.support.DependencyInjectionTestExecutionListener.injectDependencies(DependencyInjectionTestExecutionListener.java:119)
	at org.springframework.test.context.support.DependencyInjectionTestExecutionListener.prepareTestInstance(DependencyInjectionTestExecutionListener.java:83)
	at org.springframework.test.context.TestContextManager.prepareTestInstance(TestContextManager.java:244)
	at org.springframework.test.context.junit4.SpringJUnit4ClassRunner.createTest(SpringJUnit4ClassRunner.java:227)
	at org.springframework.test.context.junit4.SpringJUnit4ClassRunner$1.runReflectiveCall(SpringJUnit4ClassRunner.java:289)
	at org.junit.internal.runners.model.ReflectiveCallable.run(ReflectiveCallable.java:12)
	at org.springframework.test.context.junit4.SpringJUnit4ClassRunner.methodBlock(SpringJUnit4ClassRunner.java:291)
	at org.springframework.test.context.junit4.SpringJUnit4ClassRunner.runChild(SpringJUnit4ClassRunner.java:246)
	at org.springframework.test.context.junit4.SpringJUnit4ClassRunner.runChild(SpringJUnit4ClassRunner.java:97)
	at org.junit.runners.ParentRunner$3.run(ParentRunner.java:290)
	at org.junit.runners.ParentRunner$1.schedule(ParentRunner.java:71)
	at org.junit.runners.ParentRunner.runChildren(ParentRunner.java:288)
	at org.junit.runners.ParentRunner.access$000(ParentRunner.java:58)
	at org.junit.runners.ParentRunner$2.evaluate(ParentRunner.java:268)
	at org.springframework.test.context.junit4.statements.RunBeforeTestClassCallbacks.evaluate(RunBeforeTestClassCallbacks.java:61)
	at org.springframework.test.context.junit4.statements.RunAfterTestClassCallbacks.evaluate(RunAfterTestClassCallbacks.java:70)
	at org.junit.runners.ParentRunner.run(ParentRunner.java:363)
	at org.springframework.test.context.junit4.SpringJUnit4ClassRunner.run(SpringJUnit4ClassRunner.java:190)
	at org.junit.runner.JUnitCore.run(JUnitCore.java:137)
	at com.intellij.junit4.JUnit4IdeaTestRunner.startRunnerWithArgs(JUnit4IdeaTestRunner.java:69)
	at com.intellij.rt.junit.IdeaTestRunner$Repeater.startRunnerWithArgs(IdeaTestRunner.java:33)
	at com.intellij.rt.junit.JUnitStarter.prepareStreamsAndStart(JUnitStarter.java:220)
	at com.intellij.rt.junit.JUnitStarter.main(JUnitStarter.java:53)
Caused by: org.springframework.beans.factory.NoSuchBeanDefinitionException: No qualifying bean of type 'javax.sql.DataSource' available: expected at least 1 bean which qualifies as autowire candidate. Dependency annotations: {@org.springframework.beans.factory.annotation.Autowired(required=true)}
	at org.springframework.beans.factory.support.DefaultListableBeanFactory.raiseNoMatchingBeanFound(DefaultListableBeanFactory.java:1717)
	at org.springframework.beans.factory.support.DefaultListableBeanFactory.doResolveDependency(DefaultListableBeanFactory.java:1273)
	at org.springframework.beans.factory.support.DefaultListableBeanFactory.resolveDependency(DefaultListableBeanFactory.java:1227)
	at org.springframework.beans.factory.annotation.AutowiredAnnotationBeanPostProcessor$AutowiredFieldElement.inject(AutowiredAnnotationBeanPostProcessor.java:640)
	... 27 more
[springModel][INFO] [2021-10-22 16:49:32] org.springframework.test.context.support.AbstractTestContextBootstrapper.getDefaultTestExecutionListenerClassNames(248) | Loaded default TestExecutionListener class names from location [META-INF/spring.factories]: [org.springframework.test.context.web.ServletTestExecutionListener, org.springframework.test.context.support.DirtiesContextBeforeModesTestExecutionListener, org.springframework.test.context.support.DependencyInjectionTestExecutionListener, org.springframework.test.context.support.DirtiesContextTestExecutionListener, org.springframework.test.context.transaction.TransactionalTestExecutionListener, org.springframework.test.context.jdbc.SqlScriptsTestExecutionListener, org.springframework.test.context.event.EventPublishingTestExecutionListener]
[springModel][INFO] [2021-10-22 16:49:32] org.springframework.test.context.support.AbstractTestContextBootstrapper.getTestExecutionListeners(177) | Using TestExecutionListeners: [org.springframework.test.context.web.ServletTestExecutionListener@23faf8f2, org.springframework.test.context.support.DirtiesContextBeforeModesTestExecutionListener@2d6eabae, org.springframework.test.context.support.DependencyInjectionTestExecutionListener@4e7dc304, org.springframework.test.context.support.DirtiesContextTestExecutionListener@64729b1e, org.springframework.test.context.transaction.TransactionalTestExecutionListener@10bbd20a, org.springframework.test.context.jdbc.SqlScriptsTestExecutionListener@48503868, org.springframework.test.context.event.EventPublishingTestExecutionListener@6895a785]
[springModel][INFO] [2021-10-22 16:49:35] com.ding.crowd.CrowdTest.testLog(55) | info
[springModel][INFO] [2021-10-22 16:49:35] com.ding.crowd.CrowdTest.testLog(56) | info
[springModel][INFO] [2021-10-22 16:49:35] com.ding.crowd.CrowdTest.testLog(57) | info
[springModel][WARN] [2021-10-22 16:49:35] com.ding.crowd.CrowdTest.testLog(59) | warning
[springModel][WARN] [2021-10-22 16:49:35] com.ding.crowd.CrowdTest.testLog(60) | warning
[springModel][WARN] [2021-10-22 16:49:35] com.ding.crowd.CrowdTest.testLog(61) | warning
[springModel][ERROR] [2021-10-22 16:49:35] com.ding.crowd.CrowdTest.testLog(63) | error
[springModel][ERROR] [2021-10-22 16:49:35] com.ding.crowd.CrowdTest.testLog(64) | error
[springModel][ERROR] [2021-10-22 16:49:35] com.ding.crowd.CrowdTest.testLog(65) | error
[springModel][INFO] [2021-10-22 16:49:35] com.alibaba.druid.pool.DruidDataSource.close(2032) | {dataSource-0} closing ...
[springModel][INFO] [2021-10-22 16:49:43] org.springframework.test.context.support.AbstractTestContextBootstrapper.getDefaultTestExecutionListenerClassNames(248) | Loaded default TestExecutionListener class names from location [META-INF/spring.factories]: [org.springframework.test.context.web.ServletTestExecutionListener, org.springframework.test.context.support.DirtiesContextBeforeModesTestExecutionListener, org.springframework.test.context.support.DependencyInjectionTestExecutionListener, org.springframework.test.context.support.DirtiesContextTestExecutionListener, org.springframework.test.context.transaction.TransactionalTestExecutionListener, org.springframework.test.context.jdbc.SqlScriptsTestExecutionListener, org.springframework.test.context.event.EventPublishingTestExecutionListener]
[springModel][INFO] [2021-10-22 16:49:44] org.springframework.test.context.support.AbstractTestContextBootstrapper.getTestExecutionListeners(177) | Using TestExecutionListeners: [org.springframework.test.context.web.ServletTestExecutionListener@23faf8f2, org.springframework.test.context.support.DirtiesContextBeforeModesTestExecutionListener@2d6eabae, org.springframework.test.context.support.DependencyInjectionTestExecutionListener@4e7dc304, org.springframework.test.context.support.DirtiesContextTestExecutionListener@64729b1e, org.springframework.test.context.transaction.TransactionalTestExecutionListener@10bbd20a, org.springframework.test.context.jdbc.SqlScriptsTestExecutionListener@48503868, org.springframework.test.context.event.EventPublishingTestExecutionListener@6895a785]
[springModel][INFO] [2021-10-22 16:49:45] com.alibaba.druid.pool.DruidDataSource.init(985) | {dataSource-1} inited
[springModel][INFO] [2021-10-22 16:49:45] com.alibaba.druid.pool.DruidDataSource.close(2032) | {dataSource-1} closing ...
[springModel][INFO] [2021-10-22 16:49:45] com.alibaba.druid.pool.DruidDataSource.close(2104) | {dataSource-1} closed
